<?xml version="1.0" encoding="UTF-8"?>
<!-- Generated by org.testng.reporters.JUnitXMLReporter -->
<testsuite ignored="0" hostname="DESKTOP-64V490S" failures="1" tests="2" name="Test" time="27.156" errors="0" timestamp="2023-10-05T10:37:33 IST">
  <testcase classname="com.qa.testScripts.SauceDemoTest" name="sauceLoginPositiveTest" time="6.747">
    <failure type="java.lang.AssertionError" message="The following asserts failed:
	expected [Swage Labs] but found [Swag Labs]">
      <![CDATA[java.lang.AssertionError: The following asserts failed:
expected [Swage Labs] but found [Swag Labs]
at com.qa.testScripts.SauceDemoTest.sauceLoginPositiveTest(SauceDemoTest.java:74)
at java.base/java.util.ArrayList.forEach(ArrayList.java:1511)
at java.base/java.util.concurrent.FutureTask.run(FutureTask.java:317)
at java.base/java.util.concurrent.ThreadPoolExecutor.runWorker(ThreadPoolExecutor.java:1144)
at java.base/java.util.concurrent.ThreadPoolExecutor$Worker.run(ThreadPoolExecutor.java:642)
at java.base/java.lang.Thread.run(Thread.java:1623)
... Removed 18 stack frames]]>
    </failure>
  </testcase> <!-- sauceLoginPositiveTest -->
  <testcase classname="com.qa.testScripts.SauceDemoTest" name="sauceLoginNegativeTest" time="5.965"/>
</testsuite> <!-- Test -->
