<?xml version="1.0" encoding="UTF-8"?>
<!-- Generated by org.testng.reporters.JUnitXMLReporter -->
<testsuite ignored="0" hostname="DESKTOP-64V490S" failures="0" tests="2" name="Test" time="12.31" errors="0" timestamp="2023-10-04T15:26:16 IST">
  <testcase classname="com.qa.testScripts.TestBase" name="@BeforeClass setUp" time="11.702">
    <failure type="org.openqa.selenium.SessionNotCreatedException" message="session not created: This version of ChromeDriver only supports Chrome version 114
Current browser version is 117.0.5938.132 with binary path C:\Program Files\Google\Chrome\Application\chrome.exe
Build info: version: &amp;apos;3.141.59&amp;apos;, revision: &amp;apos;e82be7d358&amp;apos;, time: &amp;apos;2018-11-14T08:17:03&amp;apos;
System info: host: &amp;apos;DESKTOP-64V490S&amp;apos;, ip: &amp;apos;192.168.0.105&amp;apos;, os.name: &amp;apos;Windows 11&amp;apos;, os.arch: &amp;apos;amd64&amp;apos;, os.version: &amp;apos;10.0&amp;apos;, java.version: &amp;apos;20.0.1&amp;apos;
Driver info: driver.version: ChromeDriver
remote stacktrace: Backtrace:
	GetHandleVerifier [0x0074A813+48355]
	(No symbol) [0x006DC4B1]
	(No symbol) [0x005E5358]
	(No symbol) [0x006061AC]
	(No symbol) [0x00601EF3]
	(No symbol) [0x00600579]
	(No symbol) [0x00630C55]
	(No symbol) [0x0063093C]
	(No symbol) [0x0062A536]
	(No symbol) [0x006082DC]
	(No symbol) [0x006093DD]
	GetHandleVerifier [0x009AAABD+2539405]
	GetHandleVerifier [0x009EA78F+2800735]
	GetHandleVerifier [0x009E456C+2775612]
	GetHandleVerifier [0x007D51E0+616112]
	(No symbol) [0x006E5F8C]
	(No symbol) [0x006E2328]
	(No symbol) [0x006E240B]
	(No symbol) [0x006D4FF7]
	BaseThreadInitThunk [0x76317BA9+25]
	RtlInitializeExceptionChain [0x7787B79B+107]
	RtlClearBits [0x7787B71F+191]
">
      <![CDATA[org.openqa.selenium.SessionNotCreatedException: session not created: This version of ChromeDriver only supports Chrome version 114
Current browser version is 117.0.5938.132 with binary path C:\Program Files\Google\Chrome\Application\chrome.exe
Build info: version: '3.141.59', revision: 'e82be7d358', time: '2018-11-14T08:17:03'
System info: host: 'DESKTOP-64V490S', ip: '192.168.0.105', os.name: 'Windows 11', os.arch: 'amd64', os.version: '10.0', java.version: '20.0.1'
Driver info: driver.version: ChromeDriver
remote stacktrace: Backtrace:
GetHandleVerifier [0x0074A813+48355]
(No symbol) [0x006DC4B1]
(No symbol) [0x005E5358]
(No symbol) [0x006061AC]
(No symbol) [0x00601EF3]
(No symbol) [0x00600579]
(No symbol) [0x00630C55]
(No symbol) [0x0063093C]
(No symbol) [0x0062A536]
(No symbol) [0x006082DC]
(No symbol) [0x006093DD]
GetHandleVerifier [0x009AAABD+2539405]
GetHandleVerifier [0x009EA78F+2800735]
GetHandleVerifier [0x009E456C+2775612]
GetHandleVerifier [0x007D51E0+616112]
(No symbol) [0x006E5F8C]
(No symbol) [0x006E2328]
(No symbol) [0x006E240B]
(No symbol) [0x006D4FF7]
BaseThreadInitThunk [0x76317BA9+25]
RtlInitializeExceptionChain [0x7787B79B+107]
RtlClearBits [0x7787B71F+191]

at org.openqa.selenium.remote.W3CHandshakeResponse.lambda$errorHandler$0(W3CHandshakeResponse.java:62)
at org.openqa.selenium.remote.HandshakeResponse.lambda$getResponseFunction$0(HandshakeResponse.java:30)
at org.openqa.selenium.remote.ProtocolHandshake.lambda$createSession$0(ProtocolHandshake.java:126)
at java.base/java.util.stream.ReferencePipeline$3$1.accept(ReferencePipeline.java:197)
at java.base/java.util.Spliterators$ArraySpliterator.tryAdvance(Spliterators.java:1016)
at java.base/java.util.stream.ReferencePipeline.forEachWithCancel(ReferencePipeline.java:129)
at java.base/java.util.stream.AbstractPipeline.copyIntoWithCancel(AbstractPipeline.java:527)
at java.base/java.util.stream.AbstractPipeline.copyInto(AbstractPipeline.java:513)
at java.base/java.util.stream.AbstractPipeline.wrapAndCopyInto(AbstractPipeline.java:499)
at java.base/java.util.stream.FindOps$FindOp.evaluateSequential(FindOps.java:150)
at java.base/java.util.stream.AbstractPipeline.evaluate(AbstractPipeline.java:234)
at java.base/java.util.stream.ReferencePipeline.findFirst(ReferencePipeline.java:647)
at org.openqa.selenium.remote.ProtocolHandshake.createSession(ProtocolHandshake.java:128)
at org.openqa.selenium.remote.ProtocolHandshake.createSession(ProtocolHandshake.java:74)
at org.openqa.selenium.remote.HttpCommandExecutor.execute(HttpCommandExecutor.java:136)
at org.openqa.selenium.remote.service.DriverCommandExecutor.execute(DriverCommandExecutor.java:83)
at org.openqa.selenium.remote.RemoteWebDriver.execute(RemoteWebDriver.java:552)
at org.openqa.selenium.remote.RemoteWebDriver.startSession(RemoteWebDriver.java:213)
at org.openqa.selenium.remote.RemoteWebDriver.<init>(RemoteWebDriver.java:131)
at org.openqa.selenium.chrome.ChromeDriver.<init>(ChromeDriver.java:181)
at org.openqa.selenium.chrome.ChromeDriver.<init>(ChromeDriver.java:168)
at org.openqa.selenium.chrome.ChromeDriver.<init>(ChromeDriver.java:123)
at com.qa.testScripts.TestBase.setUp(TestBase.java:32)
at java.base/java.util.ArrayList.forEach(ArrayList.java:1511)
... Removed 26 stack frames]]>
    </failure>
  </testcase> <!-- @BeforeClass setUp -->
  <testcase classname="com.qa.testScripts.TestBase" name="@AfterClass tearDown" time="-1.696413376003E9">
    <skipped/>
  </testcase> <!-- @AfterClass tearDown -->
  <testcase classname="com.qa.testScripts.SauceDemoTest" name="sauceLoginNegativeTest" time="0.0">
    <skipped/>
  </testcase> <!-- sauceLoginNegativeTest -->
  <testcase classname="com.qa.testScripts.SauceDemoTest" name="sauceLoginPositiveTest" time="0.0">
    <skipped/>
  </testcase> <!-- sauceLoginPositiveTest -->
</testsuite> <!-- Test -->
